<?xml version="1.0" encoding="UTF-8"?>
<coverage generated="1689614763038" clover="3.2.0">
  <project timestamp="1689614763040" name="All files">
    <metrics statements="49" coveredstatements="45" conditionals="15" coveredconditionals="14" methods="20" coveredmethods="15" elements="84" coveredelements="74" complexity="0" loc="49" ncloc="49" packages="1" files="5" classes="5"/>
    <file name="FigureCalculator.js" path="F:\Perkuliahan\Kelas\MSIB\Bonus\Expert Back-End\MATH-API\src\FigureCalculator.js">
      <metrics statements="8" coveredstatements="8" conditionals="6" coveredconditionals="6" methods="5" coveredmethods="2"/>
      <line num="4" count="4" type="stmt"/>
      <line num="9" count="7" type="cond" truecount="2" falsecount="0"/>
      <line num="10" count="3" type="stmt"/>
      <line num="12" count="4" type="stmt"/>
      <line num="14" count="4" type="cond" truecount="4" falsecount="0"/>
      <line num="15" count="3" type="stmt"/>
      <line num="19" count="1" type="stmt"/>
      <line num="32" count="1" type="stmt"/>
    </file>
    <file name="MathBasic.js" path="F:\Perkuliahan\Kelas\MSIB\Bonus\Expert Back-End\MATH-API\src\MathBasic.js">
      <metrics statements="16" coveredstatements="12" conditionals="6" coveredconditionals="6" methods="5" coveredmethods="3"/>
      <line num="1" count="2" type="stmt"/>
      <line num="4" count="12" type="cond" truecount="2" falsecount="0"/>
      <line num="5" count="4" type="stmt"/>
      <line num="8" count="8" type="stmt"/>
      <line num="10" count="8" type="cond" truecount="4" falsecount="0"/>
      <line num="11" count="3" type="stmt"/>
      <line num="13" count="5" type="stmt"/>
      <line num="17" count="11" type="stmt"/>
      <line num="18" count="4" type="stmt"/>
      <line num="22" count="0" type="stmt"/>
      <line num="23" count="0" type="stmt"/>
      <line num="27" count="1" type="stmt"/>
      <line num="28" count="1" type="stmt"/>
      <line num="32" count="0" type="stmt"/>
      <line num="33" count="0" type="stmt"/>
      <line num="37" count="2" type="stmt"/>
    </file>
    <file name="Rocket.js" path="F:\Perkuliahan\Kelas\MSIB\Bonus\Expert Back-End\MATH-API\src\Rocket.js">
      <metrics statements="3" coveredstatements="3" conditionals="0" coveredconditionals="0" methods="1" coveredmethods="1"/>
      <line num="3" count="8" type="stmt"/>
      <line num="4" count="8" type="stmt"/>
      <line num="8" count="1" type="stmt"/>
    </file>
    <file name="RocketLauncher.js" path="F:\Perkuliahan\Kelas\MSIB\Bonus\Expert Back-End\MATH-API\src\RocketLauncher.js">
      <metrics statements="16" coveredstatements="16" conditionals="3" coveredconditionals="2" methods="5" coveredmethods="5"/>
      <line num="3" count="5" type="stmt"/>
      <line num="4" count="5" type="stmt"/>
      <line num="8" count="1" type="stmt"/>
      <line num="10" count="2" type="stmt"/>
      <line num="13" count="1" type="stmt"/>
      <line num="17" count="1" type="stmt"/>
      <line num="18" count="1" type="stmt"/>
      <line num="22" count="3" type="stmt"/>
      <line num="25" count="3" type="stmt"/>
      <line num="26" count="5" type="stmt"/>
      <line num="28" count="5" type="stmt"/>
      <line num="31" count="2" type="stmt"/>
      <line num="35" count="3" type="cond" truecount="2" falsecount="0"/>
      <line num="36" count="1" type="stmt"/>
      <line num="39" count="2" type="stmt"/>
      <line num="43" count="1" type="stmt"/>
    </file>
    <file name="RocketRepairKit.js" path="F:\Perkuliahan\Kelas\MSIB\Bonus\Expert Back-End\MATH-API\src\RocketRepairKit.js">
      <metrics statements="6" coveredstatements="6" conditionals="0" coveredconditionals="0" methods="4" coveredmethods="4"/>
      <line num="7" count="1" type="stmt"/>
      <line num="8" count="1" type="stmt"/>
      <line num="9" count="1" type="stmt"/>
      <line num="18" count="2" type="stmt"/>
      <line num="19" count="2" type="stmt"/>
      <line num="24" count="1" type="stmt"/>
    </file>
  </project>
</coverage>
