TN:
SF:src\FigureCalculator.js
FN:2,(anonymous_0)
FN:8,(anonymous_1)
FN:23,(anonymous_2)
FN:26,(anonymous_3)
FN:29,(anonymous_4)
FNF:5
FNH:2
FNDA:4,(anonymous_0)
FNDA:7,(anonymous_1)
FNDA:0,(anonymous_2)
FNDA:0,(anonymous_3)
FNDA:0,(anonymous_4)
DA:4,4
DA:9,7
DA:10,3
DA:12,4
DA:14,4
DA:15,3
DA:19,1
DA:32,1
LF:8
LH:8
BRDA:9,0,0,3
BRDA:9,0,1,4
BRDA:14,1,0,3
BRDA:14,1,1,1
BRDA:14,2,0,4
BRDA:14,2,1,1
BRF:6
BRH:6
end_of_record
TN:
SF:src\MathBasic.js
FN:3,(anonymous_0)
FN:15,(anonymous_1)
FN:20,(anonymous_2)
FN:25,(anonymous_3)
FN:30,(anonymous_4)
FNF:5
FNH:3
FNDA:12,(anonymous_0)
FNDA:11,(anonymous_1)
FNDA:0,(anonymous_2)
FNDA:1,(anonymous_3)
FNDA:0,(anonymous_4)
DA:1,2
DA:4,12
DA:5,4
DA:8,8
DA:10,8
DA:11,3
DA:13,5
DA:17,11
DA:18,4
DA:22,0
DA:23,0
DA:27,1
DA:28,1
DA:32,0
DA:33,0
DA:37,2
LF:16
LH:12
BRDA:4,0,0,4
BRDA:4,0,1,8
BRDA:10,1,0,3
BRDA:10,1,1,5
BRDA:10,2,0,8
BRDA:10,2,1,5
BRF:6
BRH:6
end_of_record
TN:
SF:src\Rocket.js
FN:2,(anonymous_0)
FNF:1
FNH:1
FNDA:8,(anonymous_0)
DA:3,8
DA:4,8
DA:8,1
LF:3
LH:3
BRF:0
BRH:0
end_of_record
TN:
SF:src\RocketLauncher.js
FN:2,(anonymous_0)
FN:7,(anonymous_1)
FN:8,(anonymous_2)
FN:16,(anonymous_3)
FN:21,(anonymous_4)
FNF:5
FNH:5
FNDA:5,(anonymous_0)
FNDA:1,(anonymous_1)
FNDA:2,(anonymous_2)
FNDA:1,(anonymous_3)
FNDA:3,(anonymous_4)
DA:3,5
DA:4,5
DA:8,1
DA:10,2
DA:13,1
DA:17,1
DA:18,1
DA:22,3
DA:25,3
DA:26,5
DA:28,5
DA:31,2
DA:35,3
DA:36,1
DA:39,2
DA:43,1
LF:16
LH:16
BRDA:2,0,0,0
BRDA:35,1,0,1
BRDA:35,1,1,2
BRF:3
BRH:2
end_of_record
TN:
SF:src\RocketRepairKit.js
FN:6,(anonymous_0)
FN:13,(anonymous_1)
FN:18,(anonymous_2)
FN:19,(anonymous_3)
FNF:4
FNH:4
FNDA:1,(anonymous_0)
FNDA:2,(anonymous_1)
FNDA:2,(anonymous_2)
FNDA:2,(anonymous_3)
DA:7,1
DA:8,1
DA:9,1
DA:18,2
DA:19,2
DA:24,1
LF:6
LH:6
BRF:0
BRH:0
end_of_record
